<?xml version="1.0" encoding="UTF-8"?>
<!-- Generated by org.testng.reporters.JUnitReportReporter -->
<testsuite skipped="0" hostname="DESKTOP-PHF5J10" name="tests.AskAQuestionTest" tests="1" failures="0" timestamp="21 Aug 2019 15:04:06 GMT" time="23.830" errors="0">
  <testcase name="testAskQuestionMenu" time="23.830" classname="tests.AskAQuestionTest"/>
</testsuite> <!-- tests.AskAQuestionTest -->
