<?xml version="1.0" encoding="UTF-8"?>
<!-- Generated by org.testng.reporters.JUnitReportReporter -->
<testsuite skipped="0" hostname="DESKTOP-PHF5J10" name="tests.LoginTest" tests="1" failures="0" timestamp="23 Aug 2019 07:32:28 GMT" time="36.346" errors="0">
  <testcase name="testLoginLnkChk" time="36.346" classname="tests.LoginTest"/>
</testsuite> <!-- tests.LoginTest -->
